<?xml version="1.0" encoding="UTF-8"?>
<!-- Generated by org.testng.reporters.JUnitXMLReporter -->
<testsuite ignored="0" hostname="LAPTOP-6AJUMCDK" failures="1" tests="2" name="LoginTest" time="0.084" errors="0" timestamp="2022-08-16T09:24:30 IST">
  <testcase classname="listeners.LoginTest" name="loginByEmail" time="0.015"/>
  <testcase classname="listeners.LoginTest" name="loginByFacebook" time="0.009">
    <failure type="java.lang.AssertionError" message="expected [monika] but found [Monika]">
      <![CDATA[java.lang.AssertionError: expected [monika] but found [Monika]
at listeners.LoginTest.loginByFacebook(LoginTest.java:15)
at java.base/java.util.ArrayList.forEach(ArrayList.java:1511)
... Removed 33 stack frames]]>
    </failure>
  </testcase> <!-- loginByFacebook -->
</testsuite> <!-- LoginTest -->
